{"numFailedTestSuites":1,"numFailedTests":8,"numPassedTestSuites":0,"numPassedTests":7,"numPendingTestSuites":0,"numPendingTests":0,"numRuntimeErrorTestSuites":0,"numTodoTests":0,"numTotalTestSuites":1,"numTotalTests":15,"openHandles":[],"snapshot":{"added":0,"didUpdate":false,"failure":false,"filesAdded":0,"filesRemoved":0,"filesRemovedList":[],"filesUnmatched":0,"filesUpdated":0,"matched":0,"total":0,"unchecked":0,"uncheckedKeysByFile":[],"unmatched":0,"updated":0},"startTime":1760308414876,"success":false,"testResults":[{"assertionResults":[{"ancestorTitles":["ImageUpload Component"],"duration":78,"failureDetails":[],"failureMessages":[],"fullName":"ImageUpload Component debe renderizar correctamente","invocations":1,"location":null,"numPassingAsserts":2,"retryReasons":[],"status":"passed","title":"debe renderizar correctamente"},{"ancestorTitles":["ImageUpload Component"],"duration":11,"failureDetails":[],"failureMessages":[],"fullName":"ImageUpload Component debe mostrar botón de cámara cuando showCameraCapture es true","invocations":1,"location":null,"numPassingAsserts":1,"retryReasons":[],"status":"passed","title":"debe mostrar botón de cámara cuando showCameraCapture es true"},{"ancestorTitles":["ImageUpload Component"],"duration":12,"failureDetails":[],"failureMessages":[],"fullName":"ImageUpload Component debe ocultar botón de cámara cuando showCameraCapture es false","invocations":1,"location":null,"numPassingAsserts":1,"retryReasons":[],"status":"passed","title":"debe ocultar botón de cámara cuando showCameraCapture es false"},{"ancestorTitles":["ImageUpload Component"],"duration":15,"failureDetails":[],"failureMessages":[],"fullName":"ImageUpload Component debe mostrar tips cuando showTips es true","invocations":1,"location":null,"numPassingAsserts":1,"retryReasons":[],"status":"passed","title":"debe mostrar tips cuando showTips es true"},{"ancestorTitles":["ImageUpload Component"],"duration":8,"failureDetails":[],"failureMessages":[],"fullName":"ImageUpload Component debe ocultar tips cuando showTips es false","invocations":1,"location":null,"numPassingAsserts":1,"retryReasons":[],"status":"passed","title":"debe ocultar tips cuando showTips es false"},{"ancestorTitles":["ImageUpload Component"],"duration":10,"failureDetails":[],"failureMessages":[],"fullName":"ImageUpload Component debe usar texto personalizado cuando se proporciona dropText","invocations":1,"location":null,"numPassingAsserts":1,"retryReasons":[],"status":"passed","title":"debe usar texto personalizado cuando se proporciona dropText"},{"ancestorTitles":["ImageUpload Component"],"duration":3033,"failureDetails":[{"name":"TestingLibraryElementError"}],"failureMessages":["Error: Unable to find an element with the text: test.png. This could be because the text is broken up by multiple elements. In this case, you can provide a function for your text matcher to make your matcher more flexible.\n\nIgnored nodes: comments, script, style\n\u001b[36m<body>\u001b[39m\n  \u001b[36m<div>\u001b[39m\n    \u001b[36m<div\u001b[39m\n      \u001b[33mclass\u001b[39m=\u001b[32m\"space-y-4\"\u001b[39m\n    \u001b[36m>\u001b[39m\n      \u001b[36m<div\u001b[39m\n        \u001b[33mclass\u001b[39m=\u001b[32m\"border-2 border-dashed rounded-lg p-8 text-center transition-colors duration-200 border-border hover:border-primary/50 hover:bg-accent/5\"\u001b[39m\n      \u001b[36m>\u001b[39m\n        \u001b[36m<div\u001b[39m\n          \u001b[33mclass\u001b[39m=\u001b[32m\"space-y-4\"\u001b[39m\n        \u001b[36m>\u001b[39m\n          \u001b[36m<div\u001b[39m\n            \u001b[33mclass\u001b[39m=\u001b[32m\"flex justify-center\"\u001b[39m\n          \u001b[36m>\u001b[39m\n            \u001b[36m<div\u001b[39m\n              \u001b[33mclass\u001b[39m=\u001b[32m\"bg-primary/10 p-4 rounded-full\"\u001b[39m\n            \u001b[36m>\u001b[39m\n              \u001b[36m<svg\u001b[39m\n                \u001b[33mclass\u001b[39m=\u001b[32m\"lucide lucide-image w-10 h-10 text-primary\"\u001b[39m\n                \u001b[33mfill\u001b[39m=\u001b[32m\"none\"\u001b[39m\n                \u001b[33mheight\u001b[39m=\u001b[32m\"24\"\u001b[39m\n                \u001b[33mstroke\u001b[39m=\u001b[32m\"currentColor\"\u001b[39m\n                \u001b[33mstroke-linecap\u001b[39m=\u001b[32m\"round\"\u001b[39m\n                \u001b[33mstroke-linejoin\u001b[39m=\u001b[32m\"round\"\u001b[39m\n                \u001b[33mstroke-width\u001b[39m=\u001b[32m\"2\"\u001b[39m\n                \u001b[33mviewBox\u001b[39m=\u001b[32m\"0 0 24 24\"\u001b[39m\n                \u001b[33mwidth\u001b[39m=\u001b[32m\"24\"\u001b[39m\n                \u001b[33mxmlns\u001b[39m=\u001b[32m\"http://www.w3.org/2000/svg\"\u001b[39m\n              \u001b[36m>\u001b[39m\n                \u001b[36m<rect\u001b[39m\n                  \u001b[33mheight\u001b[39m=\u001b[32m\"18\"\u001b[39m\n                  \u001b[33mrx\u001b[39m=\u001b[32m\"2\"\u001b[39m\n                  \u001b[33mry\u001b[39m=\u001b[32m\"2\"\u001b[39m\n                  \u001b[33mwidth\u001b[39m=\u001b[32m\"18\"\u001b[39m\n                  \u001b[33mx\u001b[39m=\u001b[32m\"3\"\u001b[39m\n                  \u001b[33my\u001b[39m=\u001b[32m\"3\"\u001b[39m\n                \u001b[36m/>\u001b[39m\n                \u001b[36m<circle\u001b[39m\n                  \u001b[33mcx\u001b[39m=\u001b[32m\"9\"\u001b[39m\n                  \u001b[33mcy\u001b[39m=\u001b[32m\"9\"\u001b[39m\n                  \u001b[33mr\u001b[39m=\u001b[32m\"2\"\u001b[39m\n                \u001b[36m/>\u001b[39m\n                \u001b[36m<path\u001b[39m\n                  \u001b[33md\u001b[39m=\u001b[32m\"m21 15-3.086-3.086a2 2 0 0 0-2.828 0L6 21\"\u001b[39m\n                \u001b[36m/>\u001b[39m\n              \u001b[36m</svg>\u001b[39m\n            \u001b[36m</div>\u001b[39m\n          \u001b[36m</div>\u001b[39m\n          \u001b[36m<div>\u001b[39m\n            \u001b[36m<p\u001b[39m\n              \u001b[33mclass\u001b[39m=\u001b[32m\"text-base font-medium mb-1\"\u001b[39m\n            \u001b[36m>\u001b[39m\n              \u001b[0mArrastra tu imagen aquí, o haz click para seleccionar\u001b[0m\n            \u001b[36m</p>\u001b[39m\n            \u001b[36m<p\u001b[39m\n              \u001b[33mclass\u001b[39m=\u001b[32m\"text-sm text-muted-foreground\"\u001b[39m\n            \u001b[36m>\u001b[39m\n              \u001b[0mSoporta: JPG, PNG, WEBP, HEIC (máx. \u001b[0m\n              \u001b[0m10\u001b[0m\n              \u001b[0mMB)\u001b[0m\n            \u001b[36m</p>\u001b[39m\n          \u001b[36m</div>\u001b[39m\n          \u001b[36m<div\u001b[39m\n            \u001b[33mclass\u001b[39m=\u001b[32m\"flex flex-col sm:flex-row gap-3 justify-center\"\u001b[39m\n          \u001b[36m>\u001b[39m\n            \u001b[36m<label\u001b[39m\n              \u001b[33mclass\u001b[39m=\u001b[32m\"inline-flex items-center justify-center gap-2 whitespace-nowrap rounded-md text-sm font-medium transition-all disabled:pointer-events-none disabled:opacity-50 [&_svg]:pointer-events-none [&_svg:not([class*='size-'])]:size-4 shrink-0 [&_svg]:shrink-0 outline-none focus-visible:border-ring focus-visible:ring-ring/50 focus-visible:ring-[3px] aria-invalid:ring-destructive/20 dark:aria-invalid:ring-destructive/40 aria-invalid:border-destructive bg-primary text-primary-foreground hover:bg-primary/90 h-9 px-4 py-2 has-[>svg]:px-3 cursor-pointer\"\u001b[39m\n              \u001b[33mdata-slot\u001b[39m=\u001b[32m\"button\"\u001b[39m\n            \u001b[36m>\u001b[39m\n              \u001b[36m<svg\u001b[39m\n                \u001b[33mclass\u001b[39m=\u001b[32m\"lucide lucide-upload w-4 h-4 mr-2\"\u001b[39m\n                \u001b[33mfill\u001b[39m=\u001b[32m\"none\"\u001b[39m\n                \u001b[33mheight\u001b[39m=\u001b[32m\"24\"\u001b[39m\n                \u001b[33mstroke\u001b[39m=\u001b[32m\"currentColor\"\u001b[39m\n                \u001b[33mstroke-linecap\u001b[39m=\u001b[32m\"round\"\u001b[39m\n                \u001b[33mstroke-linejoin\u001b[39m=\u001b[32m\"round\"\u001b[39m\n                \u001b[33mstroke-width\u001b[39m=\u001b[32m\"2\"\u001b[39m\n                \u001b[33mviewBox\u001b[39m=\u001b[32m\"0 0 24 24\"\u001b[39m\n                \u001b[33mwidth\u001b[39m=\u001b[32m\"24\"\u001b[39m\n                \u001b[33mxmlns\u001b[39m=\u001b[32m\"http://www.w3.org/2000/svg\"\u001b[39m\n              \u001b[36m>\u001b[39m\n                \u001b[36m<path\u001b[39m\n                  \u001b[33md\u001b[39m=\u001b[32m\"M21 15v4a2 2 0 0 1-2 2H5a2 2 0 0 1-2-2v-4\"\u001b[39m\n                \u001b[36m/>\u001b[39m\n                \u001b[36m<polyline\u001b[39m\n                  \u001b[33mpoints\u001b[39m=\u001b[32m\"17 8 12 3 7 8\"\u001b[39m\n                \u001b[36m/>\u001b[39m\n                \u001b[36m<line\u001b[39m\n                  \u001b[33mx1\u001b[39m=\u001b[32m\"12\"\u001b[39m\n                  \u001b[33mx2\u001b[39m=\u001b[32m\"12\"\u001b[39m\n                  \u001b[33my1\u001b[39m=\u001b[32m\"3\"\u001b[39m\n                  \u001b[33my2\u001b[39m=\u001b[32m\"15\"\u001b[39m\n                \u001b[36m/>\u001b[39m\n              \u001b[36m</svg>\u001b[39m\n              \u001b[0mSeleccionar Archivo\u001b[0m\n              \u001b[36m<input\u001b[39m\n                \u001b[33maccept\u001b[39m=\u001b[32m\"image/*\"\u001b[39m\n                \u001b[33mclass\u001b[39m=\u001b[32m\"hidden\"\u001b[39m\n                \u001b[33mtype\u001b[39m=\u001b[32m\"file\"\u001b[39m\n              \u001b[36m/>\u001b[39m\n            \u001b[36m</label>\u001b[39m\n            \u001b[36m<label\u001b[39m\n              \u001b[33mclass\u001b[39m=\u001b[32m\"inline-flex items-center justify-center gap-2 whitespace-nowrap rounded-md text-sm font-medium transition-all disabled:pointer-events-none disabled:opacity-50 [&_svg]:pointer-events-none [&_svg:not([class*='size-'])]:size-4 shrink-0 [&_svg]:shrink-0 outline-none focus-visible:border-ring focus-visible:ring-ring/50 focus-visible:ring-[3px] aria-invalid:ring-destructive/20 dark:aria-invalid:ring-destructive/40 aria-invalid:border-destructive border bg-background shadow-xs hover:bg-accent hover:text-accent-foreground dark:bg-input/30 dark:border-input dark:hover:bg-input/50 h-9 px-4 py-2 has-[>svg]:px-3 cursor-pointer\"\u001b[39m\n              \u001b[33mdata-slot\u001b[39m=\u001b[32m\"button\"\u001b[39m\n            \u001b[36m>\u001b[39m\n              \u001b[36m<svg\u001b[39m\n                \u001b[33mclass\u001b[39m=\u001b[32m\"lucide lucide-camera w-4 h-4 mr-2\"\u001b[39m\n                \u001b[33mfill\u001b[39m=\u001b[32m\"none\"\u001b[39m\n                \u001b[33mheight\u001b[39m=\u001b[32m\"24\"\u001b[39m\n                \u001b[33mstroke\u001b[39m=\u001b[32m\"currentColor\"\u001b[39m\n                \u001b[33mstroke-linecap\u001b[39m=\u001b[32m\"round\"\u001b[39m\n                \u001b[33mstroke-linejoin\u001b[39m=\u001b[32m\"round\"\u001b[39m\n                \u001b[33mstroke-width\u001b[39m=\u001b[32m\"2\"\u001b[39m\n                \u001b[33mviewBox\u001b[39m=\u001b[32m\"0 0 24 24\"\u001b[39m\n                \u001b[33mwidth\u001b[39m=\u001b[32m\"24\"\u001b[39m\n                \u001b[33mxmlns\u001b[39m=\u001b[32m\"http://www.w3.org/2000/svg\"\u001b[39m\n              \u001b[36m>\u001b[39m\n                \u001b[36m<path\u001b[39m\n                  \u001b[33md\u001b[39m=\u001b[32m\"M14.5 4h-5L7 7H4a2 2 0 0 0-2 2v9a2 2 0 0 0 2 2h16a2 2 0 0 0 2-2V9a2 2 0 0 0-2-2h-3l-2.5-3z\"\u001b[39m\n                \u001b[36m/>\u001b[39m\n                \u001b[36m<circle\u001b[39m\n                  \u001b[33mcx\u001b[39m=\u001b[32m\"12\"\u001b[39m\n                  \u001b[33mcy\u001b[39m=\u001b[32m\"13\"\u001b[39m\n                  \u001b[33mr\u001b[39m=\u001b[32m\"3\"\u001b[39m\n                \u001b[36m/>\u001b[39m\n              \u001b[36m</svg>\u001b[39m\n              \u001b[0mTomar Foto\u001b[0m\n              \u001b[36m<input\u001b[39m\n                \u001b[33maccept\u001b[39m=\u001b[32m\"image/*\"\u001b[39m\n                \u001b[33mcapture\u001b[39m=\u001b[32m\"environment\"\u001b[39m\n                \u001b[33mclass\u001b[39m=\u001b[32m\"hidden\"\u001b[39m\n                \u001b[33mtype\u001b[39m=\u001b[32m\"file\"\u001b[39m\n              \u001b[36m/>\u001b[39m\n            \u001b[36m</label>\u001b[39m\n          \u001b[36m</div>\u001b[39m\n        \u001b[36m</div>\u001b[39m\n      \u001b[36m</div>\u001b[39m\n      \u001b[36m<div\u001b[39m\n        \u001b[33mclass\u001b[39m=\u001b[32m\"bg-muted/50 rounded-lg p-4 space-y-2\"\u001b[39m\n      \u001b[36m>\u001b[39m\n        \u001b[36m<h4\u001b[39m\n          \u001b[33mclass\u001b[39m=\u001b[32m\"font-semibold text-sm\"\u001b[39m\n        \u001b[36m>\u001b[39m\n          \u001b[0m💡 Tips para mejores resultados:\u001b[0m\n        \u001b[36m</h4>\u001b[39m\n        \u001b[36m<ul\u001b[39m\n          \u001b[33mclass\u001b[39m=\u001b[32m\"space-y-1 text-sm text-muted-foreground\"\u001b[39m\n        \u001b[36m>\u001b[39m\n          \u001b[36m<li\u001b[39m\n            \u001b[33mclass\u001b[39m=\u001b[32m\"flex gap-2\"\u001b[39m\n          \u001b[36m>\u001b[39m\n            \u001b[36m<span\u001b[39m\n              \u001b[33mclass\u001b[39m=\u001b[32m\"text-primary\"\u001b[39m\n            \u001b[36m>\u001b[39m\n              \u001b[0m•\u001b[0m\n            \u001b[36m</span>\u001b[39m\n            \u001b[36m<span>\u001b[39m\n              \u001b[0mToma fotos con buena iluminación natural\u001b[0m\n            \u001b[36m</span>\u001b[39m\n          \u001b[36m</li>\u001b[39m\n          \u001b[36m<li\u001b[39m\n            \u001b[33mclass\u001b[39m=\u001b[32m\"flex gap-2\"\u001b[39m\n          \u001b[36m>\u001b[39m\n            \u001b[36m<span\u001b[39m\n              \u001b[33mclass\u001b[39m=\u001b[32m\"text-primary\"\u001b[39m\n            \u001b[36m>\u001b[39m\n              \u001b[0m•\u001b[0m\n            \u001b[36m</span>\u001b[39m\n            \u001b[36m<span>\u001b[39m\n              \u001b[0mCaptura la planta completa o características distintivas\u001b[0m\n            \u001b[36m</span>\u001b[39m\n          \u001b[36m</li>\u001b[39m\n          \u001b[36m<li\u001b[39m\n            \u001b[33mclass\u001b[39m=\u001b[32m\"flex gap-2\"\u001b[39m\n          \u001b[36m>\u001b[39m\n            \u001b[36m<span\u001b[39m\n              \u001b[33mclass\u001b[39m=\u001b[32m\"text-primary\"\u001b[39m\n            \u001b[36m>\u001b[39m\n              \u001b[0m•\u001b[0m\n            \u001b[36m</span>\u001b[39m\n            \u001b[36m<span>\u001b[39m\n              \u001b[0mEvita imágenes borrosas o muy oscuras\u001b[0m\n            \u001b[36m</span>\u001b[39m\n          \u001b[36m</li>\u001b[39m\n          \u001b[36m<li\u001b[39m\n            \u001b[33mclass\u001b[39m=\u001b[32m\"flex gap-2\"\u001b[39m\n          \u001b[36m>\u001b[39m\n            \u001b[36m<span\u001b[39m\n              \u001b[33mclass\u001b[39m=\u001b[32m\"text-primary\"\u001b[39m\n            \u001b[36m>\u001b[39m\n              \u001b[0m•\u001b[0m\n            \u001b[36m</span>\u001b[39m\n            \u001b[36m<span>\u001b[39m\n              \u001b[0mIncluye detalles como hojas, flores o frutos\u001b[0m\n            \u001b[36m</span>\u001b[39m\n          \u001b[36m</li>\u001b[39m\n        \u001b[36m</ul>\u001b[39m\n      \u001b[36m</div>\u001b[39m\n    \u001b[36m</div>\u001b[39m\n  \u001b[36m</div>\u001b[39m\n\u001b[36m</body>\u001b[39m\n    at waitForWrapper (C:\\Users\\franq\\Downloads\\asdf\\azure\\project\\projecto-ia-aplicada\\frontend\\node_modules\\@testing-library\\react\\node_modules\\@testing-library\\dom\\dist\\wait-for.js:163:27)\n    at Object.<anonymous> (C:\\Users\\franq\\Downloads\\asdf\\azure\\project\\projecto-ia-aplicada\\frontend\\__tests__\\image-upload.test.tsx:172:18)"],"fullName":"ImageUpload Component debe manejar la selección de archivo","invocations":1,"location":null,"numPassingAsserts":0,"retryReasons":[],"status":"failed","title":"debe manejar la selección de archivo"},{"ancestorTitles":["useImageUpload Hook"],"duration":4,"failureDetails":[],"failureMessages":[],"fullName":"useImageUpload Hook debe inicializar con estado por defecto","invocations":1,"location":null,"numPassingAsserts":6,"retryReasons":[],"status":"passed","title":"debe inicializar con estado por defecto"},{"ancestorTitles":["useImageUpload Hook"],"duration":15009,"failureDetails":[{"message":"thrown: \"Exceeded timeout of 15000 ms for a test.\nAdd a timeout value to this test to increase the timeout, if this is a long-running test. See https://jestjs.io/docs/api#testname-fn-timeout.\""}],"failureMessages":["Error: thrown: \"Exceeded timeout of 15000 ms for a test.\nAdd a timeout value to this test to increase the timeout, if this is a long-running test. See https://jestjs.io/docs/api#testname-fn-timeout.\"\n    at it (C:\\Users\\franq\\Downloads\\asdf\\azure\\project\\projecto-ia-aplicada\\frontend\\__tests__\\image-upload.test.tsx:202:3)\n    at _dispatchDescribe (C:\\Users\\franq\\Downloads\\asdf\\azure\\project\\projecto-ia-aplicada\\frontend\\node_modules\\jest-circus\\build\\index.js:91:26)\n    at describe (C:\\Users\\franq\\Downloads\\asdf\\azure\\project\\projecto-ia-aplicada\\frontend\\node_modules\\jest-circus\\build\\index.js:55:5)\n    at Object.describe (C:\\Users\\franq\\Downloads\\asdf\\azure\\project\\projecto-ia-aplicada\\frontend\\__tests__\\image-upload.test.tsx:178:1)\n    at Runtime._execModule (C:\\Users\\franq\\Downloads\\asdf\\azure\\project\\projecto-ia-aplicada\\frontend\\node_modules\\jest-runtime\\build\\index.js:1439:24)\n    at Runtime._loadModule (C:\\Users\\franq\\Downloads\\asdf\\azure\\project\\projecto-ia-aplicada\\frontend\\node_modules\\jest-runtime\\build\\index.js:1022:12)\n    at Runtime.requireModule (C:\\Users\\franq\\Downloads\\asdf\\azure\\project\\projecto-ia-aplicada\\frontend\\node_modules\\jest-runtime\\build\\index.js:882:12)\n    at jestAdapter (C:\\Users\\franq\\Downloads\\asdf\\azure\\project\\projecto-ia-aplicada\\frontend\\node_modules\\jest-circus\\build\\legacy-code-todo-rewrite\\jestAdapter.js:77:13)\n    at runTestInternal (C:\\Users\\franq\\Downloads\\asdf\\azure\\project\\projecto-ia-aplicada\\frontend\\node_modules\\jest-runner\\build\\runTest.js:367:16)\n    at runTest (C:\\Users\\franq\\Downloads\\asdf\\azure\\project\\projecto-ia-aplicada\\frontend\\node_modules\\jest-runner\\build\\runTest.js:444:34)"],"fullName":"useImageUpload Hook debe seleccionar archivo correctamente","invocations":1,"location":null,"numPassingAsserts":1,"retryReasons":[],"status":"failed","title":"debe seleccionar archivo correctamente"},{"ancestorTitles":["useImageUpload Hook"],"duration":144,"failureDetails":[{}],"failureMessages":["TypeError: Cannot read properties of null (reading 'seleccionarArchivo')\n    at seleccionarArchivo (C:\\Users\\franq\\Downloads\\asdf\\azure\\project\\projecto-ia-aplicada\\frontend\\__tests__\\image-upload.test.tsx:237:28)\n    at C:\\Users\\franq\\Downloads\\asdf\\azure\\project\\projecto-ia-aplicada\\frontend\\node_modules\\@testing-library\\react\\dist\\act-compat.js:48:24\n    at act (C:\\Users\\franq\\Downloads\\asdf\\azure\\project\\projecto-ia-aplicada\\frontend\\node_modules\\react\\cjs\\react.development.js:2512:16)\n    at C:\\Users\\franq\\Downloads\\asdf\\azure\\project\\projecto-ia-aplicada\\frontend\\node_modules\\@testing-library\\react\\dist\\act-compat.js:47:25\n    at Object.<anonymous> (C:\\Users\\franq\\Downloads\\asdf\\azure\\project\\projecto-ia-aplicada\\frontend\\__tests__\\image-upload.test.tsx:236:14)\n    at Promise.then.completed (C:\\Users\\franq\\Downloads\\asdf\\azure\\project\\projecto-ia-aplicada\\frontend\\node_modules\\jest-circus\\build\\utils.js:298:28)\n    at new Promise (<anonymous>)\n    at callAsyncCircusFn (C:\\Users\\franq\\Downloads\\asdf\\azure\\project\\projecto-ia-aplicada\\frontend\\node_modules\\jest-circus\\build\\utils.js:231:10)\n    at _callCircusTest (C:\\Users\\franq\\Downloads\\asdf\\azure\\project\\projecto-ia-aplicada\\frontend\\node_modules\\jest-circus\\build\\run.js:316:40)\n    at _runTest (C:\\Users\\franq\\Downloads\\asdf\\azure\\project\\projecto-ia-aplicada\\frontend\\node_modules\\jest-circus\\build\\run.js:252:3)\n    at _runTestsForDescribeBlock (C:\\Users\\franq\\Downloads\\asdf\\azure\\project\\projecto-ia-aplicada\\frontend\\node_modules\\jest-circus\\build\\run.js:126:9)\n    at _runTestsForDescribeBlock (C:\\Users\\franq\\Downloads\\asdf\\azure\\project\\projecto-ia-aplicada\\frontend\\node_modules\\jest-circus\\build\\run.js:121:9)\n    at run (C:\\Users\\franq\\Downloads\\asdf\\azure\\project\\projecto-ia-aplicada\\frontend\\node_modules\\jest-circus\\build\\run.js:71:3)\n    at runAndTransformResultsToJestFormat (C:\\Users\\franq\\Downloads\\asdf\\azure\\project\\projecto-ia-aplicada\\frontend\\node_modules\\jest-circus\\build\\legacy-code-todo-rewrite\\jestAdapterInit.js:122:21)\n    at jestAdapter (C:\\Users\\franq\\Downloads\\asdf\\azure\\project\\projecto-ia-aplicada\\frontend\\node_modules\\jest-circus\\build\\legacy-code-todo-rewrite\\jestAdapter.js:79:19)\n    at runTestInternal (C:\\Users\\franq\\Downloads\\asdf\\azure\\project\\projecto-ia-aplicada\\frontend\\node_modules\\jest-runner\\build\\runTest.js:367:16)\n    at runTest (C:\\Users\\franq\\Downloads\\asdf\\azure\\project\\projecto-ia-aplicada\\frontend\\node_modules\\jest-runner\\build\\runTest.js:444:34)"],"fullName":"useImageUpload Hook debe validar tamaño de archivo correctamente","invocations":1,"location":null,"numPassingAsserts":0,"retryReasons":[],"status":"failed","title":"debe validar tamaño de archivo correctamente"},{"ancestorTitles":["useImageUpload Hook"],"duration":2,"failureDetails":[{}],"failureMessages":["TypeError: Cannot read properties of null (reading 'seleccionarArchivo')\n    at seleccionarArchivo (C:\\Users\\franq\\Downloads\\asdf\\azure\\project\\projecto-ia-aplicada\\frontend\\__tests__\\image-upload.test.tsx:253:28)\n    at C:\\Users\\franq\\Downloads\\asdf\\azure\\project\\projecto-ia-aplicada\\frontend\\node_modules\\@testing-library\\react\\dist\\act-compat.js:48:24\n    at act (C:\\Users\\franq\\Downloads\\asdf\\azure\\project\\projecto-ia-aplicada\\frontend\\node_modules\\react\\cjs\\react.development.js:2512:16)\n    at C:\\Users\\franq\\Downloads\\asdf\\azure\\project\\projecto-ia-aplicada\\frontend\\node_modules\\@testing-library\\react\\dist\\act-compat.js:47:25\n    at Object.<anonymous> (C:\\Users\\franq\\Downloads\\asdf\\azure\\project\\projecto-ia-aplicada\\frontend\\__tests__\\image-upload.test.tsx:252:14)\n    at Promise.then.completed (C:\\Users\\franq\\Downloads\\asdf\\azure\\project\\projecto-ia-aplicada\\frontend\\node_modules\\jest-circus\\build\\utils.js:298:28)\n    at new Promise (<anonymous>)\n    at callAsyncCircusFn (C:\\Users\\franq\\Downloads\\asdf\\azure\\project\\projecto-ia-aplicada\\frontend\\node_modules\\jest-circus\\build\\utils.js:231:10)\n    at _callCircusTest (C:\\Users\\franq\\Downloads\\asdf\\azure\\project\\projecto-ia-aplicada\\frontend\\node_modules\\jest-circus\\build\\run.js:316:40)\n    at _runTest (C:\\Users\\franq\\Downloads\\asdf\\azure\\project\\projecto-ia-aplicada\\frontend\\node_modules\\jest-circus\\build\\run.js:252:3)\n    at _runTestsForDescribeBlock (C:\\Users\\franq\\Downloads\\asdf\\azure\\project\\projecto-ia-aplicada\\frontend\\node_modules\\jest-circus\\build\\run.js:126:9)\n    at _runTestsForDescribeBlock (C:\\Users\\franq\\Downloads\\asdf\\azure\\project\\projecto-ia-aplicada\\frontend\\node_modules\\jest-circus\\build\\run.js:121:9)\n    at run (C:\\Users\\franq\\Downloads\\asdf\\azure\\project\\projecto-ia-aplicada\\frontend\\node_modules\\jest-circus\\build\\run.js:71:3)\n    at runAndTransformResultsToJestFormat (C:\\Users\\franq\\Downloads\\asdf\\azure\\project\\projecto-ia-aplicada\\frontend\\node_modules\\jest-circus\\build\\legacy-code-todo-rewrite\\jestAdapterInit.js:122:21)\n    at jestAdapter (C:\\Users\\franq\\Downloads\\asdf\\azure\\project\\projecto-ia-aplicada\\frontend\\node_modules\\jest-circus\\build\\legacy-code-todo-rewrite\\jestAdapter.js:79:19)\n    at runTestInternal (C:\\Users\\franq\\Downloads\\asdf\\azure\\project\\projecto-ia-aplicada\\frontend\\node_modules\\jest-runner\\build\\runTest.js:367:16)\n    at runTest (C:\\Users\\franq\\Downloads\\asdf\\azure\\project\\projecto-ia-aplicada\\frontend\\node_modules\\jest-runner\\build\\runTest.js:444:34)"],"fullName":"useImageUpload Hook debe validar tipo de archivo correctamente","invocations":1,"location":null,"numPassingAsserts":0,"retryReasons":[],"status":"failed","title":"debe validar tipo de archivo correctamente"},{"ancestorTitles":["useImageUpload Hook"],"duration":2,"failureDetails":[{}],"failureMessages":["TypeError: Cannot read properties of null (reading 'seleccionarArchivo')\n    at seleccionarArchivo (C:\\Users\\franq\\Downloads\\asdf\\azure\\project\\projecto-ia-aplicada\\frontend\\__tests__\\image-upload.test.tsx:288:28)\n    at C:\\Users\\franq\\Downloads\\asdf\\azure\\project\\projecto-ia-aplicada\\frontend\\node_modules\\@testing-library\\react\\dist\\act-compat.js:48:24\n    at act (C:\\Users\\franq\\Downloads\\asdf\\azure\\project\\projecto-ia-aplicada\\frontend\\node_modules\\react\\cjs\\react.development.js:2512:16)\n    at C:\\Users\\franq\\Downloads\\asdf\\azure\\project\\projecto-ia-aplicada\\frontend\\node_modules\\@testing-library\\react\\dist\\act-compat.js:47:25\n    at Object.<anonymous> (C:\\Users\\franq\\Downloads\\asdf\\azure\\project\\projecto-ia-aplicada\\frontend\\__tests__\\image-upload.test.tsx:287:14)\n    at Promise.then.completed (C:\\Users\\franq\\Downloads\\asdf\\azure\\project\\projecto-ia-aplicada\\frontend\\node_modules\\jest-circus\\build\\utils.js:298:28)\n    at new Promise (<anonymous>)\n    at callAsyncCircusFn (C:\\Users\\franq\\Downloads\\asdf\\azure\\project\\projecto-ia-aplicada\\frontend\\node_modules\\jest-circus\\build\\utils.js:231:10)\n    at _callCircusTest (C:\\Users\\franq\\Downloads\\asdf\\azure\\project\\projecto-ia-aplicada\\frontend\\node_modules\\jest-circus\\build\\run.js:316:40)\n    at _runTest (C:\\Users\\franq\\Downloads\\asdf\\azure\\project\\projecto-ia-aplicada\\frontend\\node_modules\\jest-circus\\build\\run.js:252:3)\n    at _runTestsForDescribeBlock (C:\\Users\\franq\\Downloads\\asdf\\azure\\project\\projecto-ia-aplicada\\frontend\\node_modules\\jest-circus\\build\\run.js:126:9)\n    at _runTestsForDescribeBlock (C:\\Users\\franq\\Downloads\\asdf\\azure\\project\\projecto-ia-aplicada\\frontend\\node_modules\\jest-circus\\build\\run.js:121:9)\n    at run (C:\\Users\\franq\\Downloads\\asdf\\azure\\project\\projecto-ia-aplicada\\frontend\\node_modules\\jest-circus\\build\\run.js:71:3)\n    at runAndTransformResultsToJestFormat (C:\\Users\\franq\\Downloads\\asdf\\azure\\project\\projecto-ia-aplicada\\frontend\\node_modules\\jest-circus\\build\\legacy-code-todo-rewrite\\jestAdapterInit.js:122:21)\n    at jestAdapter (C:\\Users\\franq\\Downloads\\asdf\\azure\\project\\projecto-ia-aplicada\\frontend\\node_modules\\jest-circus\\build\\legacy-code-todo-rewrite\\jestAdapter.js:79:19)\n    at runTestInternal (C:\\Users\\franq\\Downloads\\asdf\\azure\\project\\projecto-ia-aplicada\\frontend\\node_modules\\jest-runner\\build\\runTest.js:367:16)\n    at runTest (C:\\Users\\franq\\Downloads\\asdf\\azure\\project\\projecto-ia-aplicada\\frontend\\node_modules\\jest-runner\\build\\runTest.js:444:34)"],"fullName":"useImageUpload Hook debe subir imagen exitosamente","invocations":1,"location":null,"numPassingAsserts":0,"retryReasons":[],"status":"failed","title":"debe subir imagen exitosamente"},{"ancestorTitles":["useImageUpload Hook"],"duration":3,"failureDetails":[{}],"failureMessages":["TypeError: Cannot read properties of null (reading 'seleccionarArchivo')\n    at seleccionarArchivo (C:\\Users\\franq\\Downloads\\asdf\\azure\\project\\projecto-ia-aplicada\\frontend\\__tests__\\image-upload.test.tsx:319:28)\n    at C:\\Users\\franq\\Downloads\\asdf\\azure\\project\\projecto-ia-aplicada\\frontend\\node_modules\\@testing-library\\react\\dist\\act-compat.js:48:24\n    at act (C:\\Users\\franq\\Downloads\\asdf\\azure\\project\\projecto-ia-aplicada\\frontend\\node_modules\\react\\cjs\\react.development.js:2512:16)\n    at C:\\Users\\franq\\Downloads\\asdf\\azure\\project\\projecto-ia-aplicada\\frontend\\node_modules\\@testing-library\\react\\dist\\act-compat.js:47:25\n    at Object.<anonymous> (C:\\Users\\franq\\Downloads\\asdf\\azure\\project\\projecto-ia-aplicada\\frontend\\__tests__\\image-upload.test.tsx:318:14)\n    at Promise.then.completed (C:\\Users\\franq\\Downloads\\asdf\\azure\\project\\projecto-ia-aplicada\\frontend\\node_modules\\jest-circus\\build\\utils.js:298:28)\n    at new Promise (<anonymous>)\n    at callAsyncCircusFn (C:\\Users\\franq\\Downloads\\asdf\\azure\\project\\projecto-ia-aplicada\\frontend\\node_modules\\jest-circus\\build\\utils.js:231:10)\n    at _callCircusTest (C:\\Users\\franq\\Downloads\\asdf\\azure\\project\\projecto-ia-aplicada\\frontend\\node_modules\\jest-circus\\build\\run.js:316:40)\n    at _runTest (C:\\Users\\franq\\Downloads\\asdf\\azure\\project\\projecto-ia-aplicada\\frontend\\node_modules\\jest-circus\\build\\run.js:252:3)\n    at _runTestsForDescribeBlock (C:\\Users\\franq\\Downloads\\asdf\\azure\\project\\projecto-ia-aplicada\\frontend\\node_modules\\jest-circus\\build\\run.js:126:9)\n    at _runTestsForDescribeBlock (C:\\Users\\franq\\Downloads\\asdf\\azure\\project\\projecto-ia-aplicada\\frontend\\node_modules\\jest-circus\\build\\run.js:121:9)\n    at run (C:\\Users\\franq\\Downloads\\asdf\\azure\\project\\projecto-ia-aplicada\\frontend\\node_modules\\jest-circus\\build\\run.js:71:3)\n    at runAndTransformResultsToJestFormat (C:\\Users\\franq\\Downloads\\asdf\\azure\\project\\projecto-ia-aplicada\\frontend\\node_modules\\jest-circus\\build\\legacy-code-todo-rewrite\\jestAdapterInit.js:122:21)\n    at jestAdapter (C:\\Users\\franq\\Downloads\\asdf\\azure\\project\\projecto-ia-aplicada\\frontend\\node_modules\\jest-circus\\build\\legacy-code-todo-rewrite\\jestAdapter.js:79:19)\n    at runTestInternal (C:\\Users\\franq\\Downloads\\asdf\\azure\\project\\projecto-ia-aplicada\\frontend\\node_modules\\jest-runner\\build\\runTest.js:367:16)\n    at runTest (C:\\Users\\franq\\Downloads\\asdf\\azure\\project\\projecto-ia-aplicada\\frontend\\node_modules\\jest-runner\\build\\runTest.js:444:34)"],"fullName":"useImageUpload Hook debe manejar error en upload","invocations":1,"location":null,"numPassingAsserts":0,"retryReasons":[],"status":"failed","title":"debe manejar error en upload"},{"ancestorTitles":["useImageUpload Hook"],"duration":2,"failureDetails":[{}],"failureMessages":["TypeError: Cannot read properties of null (reading 'seleccionarArchivo')\n    at seleccionarArchivo (C:\\Users\\franq\\Downloads\\asdf\\azure\\project\\projecto-ia-aplicada\\frontend\\__tests__\\image-upload.test.tsx:341:28)\n    at C:\\Users\\franq\\Downloads\\asdf\\azure\\project\\projecto-ia-aplicada\\frontend\\node_modules\\@testing-library\\react\\dist\\act-compat.js:48:24\n    at act (C:\\Users\\franq\\Downloads\\asdf\\azure\\project\\projecto-ia-aplicada\\frontend\\node_modules\\react\\cjs\\react.development.js:2512:16)\n    at C:\\Users\\franq\\Downloads\\asdf\\azure\\project\\projecto-ia-aplicada\\frontend\\node_modules\\@testing-library\\react\\dist\\act-compat.js:47:25\n    at Object.<anonymous> (C:\\Users\\franq\\Downloads\\asdf\\azure\\project\\projecto-ia-aplicada\\frontend\\__tests__\\image-upload.test.tsx:340:14)\n    at Promise.then.completed (C:\\Users\\franq\\Downloads\\asdf\\azure\\project\\projecto-ia-aplicada\\frontend\\node_modules\\jest-circus\\build\\utils.js:298:28)\n    at new Promise (<anonymous>)\n    at callAsyncCircusFn (C:\\Users\\franq\\Downloads\\asdf\\azure\\project\\projecto-ia-aplicada\\frontend\\node_modules\\jest-circus\\build\\utils.js:231:10)\n    at _callCircusTest (C:\\Users\\franq\\Downloads\\asdf\\azure\\project\\projecto-ia-aplicada\\frontend\\node_modules\\jest-circus\\build\\run.js:316:40)\n    at _runTest (C:\\Users\\franq\\Downloads\\asdf\\azure\\project\\projecto-ia-aplicada\\frontend\\node_modules\\jest-circus\\build\\run.js:252:3)\n    at _runTestsForDescribeBlock (C:\\Users\\franq\\Downloads\\asdf\\azure\\project\\projecto-ia-aplicada\\frontend\\node_modules\\jest-circus\\build\\run.js:126:9)\n    at _runTestsForDescribeBlock (C:\\Users\\franq\\Downloads\\asdf\\azure\\project\\projecto-ia-aplicada\\frontend\\node_modules\\jest-circus\\build\\run.js:121:9)\n    at run (C:\\Users\\franq\\Downloads\\asdf\\azure\\project\\projecto-ia-aplicada\\frontend\\node_modules\\jest-circus\\build\\run.js:71:3)\n    at runAndTransformResultsToJestFormat (C:\\Users\\franq\\Downloads\\asdf\\azure\\project\\projecto-ia-aplicada\\frontend\\node_modules\\jest-circus\\build\\legacy-code-todo-rewrite\\jestAdapterInit.js:122:21)\n    at jestAdapter (C:\\Users\\franq\\Downloads\\asdf\\azure\\project\\projecto-ia-aplicada\\frontend\\node_modules\\jest-circus\\build\\legacy-code-todo-rewrite\\jestAdapter.js:79:19)\n    at runTestInternal (C:\\Users\\franq\\Downloads\\asdf\\azure\\project\\projecto-ia-aplicada\\frontend\\node_modules\\jest-runner\\build\\runTest.js:367:16)\n    at runTest (C:\\Users\\franq\\Downloads\\asdf\\azure\\project\\projecto-ia-aplicada\\frontend\\node_modules\\jest-runner\\build\\runTest.js:444:34)"],"fullName":"useImageUpload Hook debe limpiar estado correctamente","invocations":1,"location":null,"numPassingAsserts":0,"retryReasons":[],"status":"failed","title":"debe limpiar estado correctamente"},{"ancestorTitles":["useImageUpload Hook"],"duration":1,"failureDetails":[{}],"failureMessages":["TypeError: Cannot read properties of null (reading 'seleccionarArchivo')\n    at seleccionarArchivo (C:\\Users\\franq\\Downloads\\asdf\\azure\\project\\projecto-ia-aplicada\\frontend\\__tests__\\image-upload.test.tsx:377:28)\n    at C:\\Users\\franq\\Downloads\\asdf\\azure\\project\\projecto-ia-aplicada\\frontend\\node_modules\\@testing-library\\react\\dist\\act-compat.js:48:24\n    at act (C:\\Users\\franq\\Downloads\\asdf\\azure\\project\\projecto-ia-aplicada\\frontend\\node_modules\\react\\cjs\\react.development.js:2512:16)\n    at C:\\Users\\franq\\Downloads\\asdf\\azure\\project\\projecto-ia-aplicada\\frontend\\node_modules\\@testing-library\\react\\dist\\act-compat.js:47:25\n    at Object.<anonymous> (C:\\Users\\franq\\Downloads\\asdf\\azure\\project\\projecto-ia-aplicada\\frontend\\__tests__\\image-upload.test.tsx:376:14)\n    at Promise.then.completed (C:\\Users\\franq\\Downloads\\asdf\\azure\\project\\projecto-ia-aplicada\\frontend\\node_modules\\jest-circus\\build\\utils.js:298:28)\n    at new Promise (<anonymous>)\n    at callAsyncCircusFn (C:\\Users\\franq\\Downloads\\asdf\\azure\\project\\projecto-ia-aplicada\\frontend\\node_modules\\jest-circus\\build\\utils.js:231:10)\n    at _callCircusTest (C:\\Users\\franq\\Downloads\\asdf\\azure\\project\\projecto-ia-aplicada\\frontend\\node_modules\\jest-circus\\build\\run.js:316:40)\n    at _runTest (C:\\Users\\franq\\Downloads\\asdf\\azure\\project\\projecto-ia-aplicada\\frontend\\node_modules\\jest-circus\\build\\run.js:252:3)\n    at _runTestsForDescribeBlock (C:\\Users\\franq\\Downloads\\asdf\\azure\\project\\projecto-ia-aplicada\\frontend\\node_modules\\jest-circus\\build\\run.js:126:9)\n    at _runTestsForDescribeBlock (C:\\Users\\franq\\Downloads\\asdf\\azure\\project\\projecto-ia-aplicada\\frontend\\node_modules\\jest-circus\\build\\run.js:121:9)\n    at run (C:\\Users\\franq\\Downloads\\asdf\\azure\\project\\projecto-ia-aplicada\\frontend\\node_modules\\jest-circus\\build\\run.js:71:3)\n    at runAndTransformResultsToJestFormat (C:\\Users\\franq\\Downloads\\asdf\\azure\\project\\projecto-ia-aplicada\\frontend\\node_modules\\jest-circus\\build\\legacy-code-todo-rewrite\\jestAdapterInit.js:122:21)\n    at jestAdapter (C:\\Users\\franq\\Downloads\\asdf\\azure\\project\\projecto-ia-aplicada\\frontend\\node_modules\\jest-circus\\build\\legacy-code-todo-rewrite\\jestAdapter.js:79:19)\n    at runTestInternal (C:\\Users\\franq\\Downloads\\asdf\\azure\\project\\projecto-ia-aplicada\\frontend\\node_modules\\jest-runner\\build\\runTest.js:367:16)\n    at runTest (C:\\Users\\franq\\Downloads\\asdf\\azure\\project\\projecto-ia-aplicada\\frontend\\node_modules\\jest-runner\\build\\runTest.js:444:34)"],"fullName":"useImageUpload Hook debe hacer auto-upload cuando está habilitado","invocations":1,"location":null,"numPassingAsserts":0,"retryReasons":[],"status":"failed","title":"debe hacer auto-upload cuando está habilitado"}],"endTime":1760308435881,"message":"  ● ImageUpload Component › debe manejar la selección de archivo\n\n    Unable to find an element with the text: test.png. This could be because the text is broken up by multiple elements. In this case, you can provide a function for your text matcher to make your matcher more flexible.\n\n    Ignored nodes: comments, script, style\n    \u001b[36m<body>\u001b[39m\n      \u001b[36m<div>\u001b[39m\n        \u001b[36m<div\u001b[39m\n          \u001b[33mclass\u001b[39m=\u001b[32m\"space-y-4\"\u001b[39m\n        \u001b[36m>\u001b[39m\n          \u001b[36m<div\u001b[39m\n            \u001b[33mclass\u001b[39m=\u001b[32m\"border-2 border-dashed rounded-lg p-8 text-center transition-colors duration-200 border-border hover:border-primary/50 hover:bg-accent/5\"\u001b[39m\n          \u001b[36m>\u001b[39m\n            \u001b[36m<div\u001b[39m\n              \u001b[33mclass\u001b[39m=\u001b[32m\"space-y-4\"\u001b[39m\n            \u001b[36m>\u001b[39m\n              \u001b[36m<div\u001b[39m\n                \u001b[33mclass\u001b[39m=\u001b[32m\"flex justify-center\"\u001b[39m\n              \u001b[36m>\u001b[39m\n                \u001b[36m<div\u001b[39m\n                  \u001b[33mclass\u001b[39m=\u001b[32m\"bg-primary/10 p-4 rounded-full\"\u001b[39m\n                \u001b[36m>\u001b[39m\n                  \u001b[36m<svg\u001b[39m\n                    \u001b[33mclass\u001b[39m=\u001b[32m\"lucide lucide-image w-10 h-10 text-primary\"\u001b[39m\n                    \u001b[33mfill\u001b[39m=\u001b[32m\"none\"\u001b[39m\n                    \u001b[33mheight\u001b[39m=\u001b[32m\"24\"\u001b[39m\n                    \u001b[33mstroke\u001b[39m=\u001b[32m\"currentColor\"\u001b[39m\n                    \u001b[33mstroke-linecap\u001b[39m=\u001b[32m\"round\"\u001b[39m\n                    \u001b[33mstroke-linejoin\u001b[39m=\u001b[32m\"round\"\u001b[39m\n                    \u001b[33mstroke-width\u001b[39m=\u001b[32m\"2\"\u001b[39m\n                    \u001b[33mviewBox\u001b[39m=\u001b[32m\"0 0 24 24\"\u001b[39m\n                    \u001b[33mwidth\u001b[39m=\u001b[32m\"24\"\u001b[39m\n                    \u001b[33mxmlns\u001b[39m=\u001b[32m\"http://www.w3.org/2000/svg\"\u001b[39m\n                  \u001b[36m>\u001b[39m\n                    \u001b[36m<rect\u001b[39m\n                      \u001b[33mheight\u001b[39m=\u001b[32m\"18\"\u001b[39m\n                      \u001b[33mrx\u001b[39m=\u001b[32m\"2\"\u001b[39m\n                      \u001b[33mry\u001b[39m=\u001b[32m\"2\"\u001b[39m\n                      \u001b[33mwidth\u001b[39m=\u001b[32m\"18\"\u001b[39m\n                      \u001b[33mx\u001b[39m=\u001b[32m\"3\"\u001b[39m\n                      \u001b[33my\u001b[39m=\u001b[32m\"3\"\u001b[39m\n                    \u001b[36m/>\u001b[39m\n                    \u001b[36m<circle\u001b[39m\n                      \u001b[33mcx\u001b[39m=\u001b[32m\"9\"\u001b[39m\n                      \u001b[33mcy\u001b[39m=\u001b[32m\"9\"\u001b[39m\n                      \u001b[33mr\u001b[39m=\u001b[32m\"2\"\u001b[39m\n                    \u001b[36m/>\u001b[39m\n                    \u001b[36m<path\u001b[39m\n                      \u001b[33md\u001b[39m=\u001b[32m\"m21 15-3.086-3.086a2 2 0 0 0-2.828 0L6 21\"\u001b[39m\n                    \u001b[36m/>\u001b[39m\n                  \u001b[36m</svg>\u001b[39m\n                \u001b[36m</div>\u001b[39m\n              \u001b[36m</div>\u001b[39m\n              \u001b[36m<div>\u001b[39m\n                \u001b[36m<p\u001b[39m\n                  \u001b[33mclass\u001b[39m=\u001b[32m\"text-base font-medium mb-1\"\u001b[39m\n                \u001b[36m>\u001b[39m\n                  \u001b[0mArrastra tu imagen aquí, o haz click para seleccionar\u001b[0m\n                \u001b[36m</p>\u001b[39m\n                \u001b[36m<p\u001b[39m\n                  \u001b[33mclass\u001b[39m=\u001b[32m\"text-sm text-muted-foreground\"\u001b[39m\n                \u001b[36m>\u001b[39m\n                  \u001b[0mSoporta: JPG, PNG, WEBP, HEIC (máx. \u001b[0m\n                  \u001b[0m10\u001b[0m\n                  \u001b[0mMB)\u001b[0m\n                \u001b[36m</p>\u001b[39m\n              \u001b[36m</div>\u001b[39m\n              \u001b[36m<div\u001b[39m\n                \u001b[33mclass\u001b[39m=\u001b[32m\"flex flex-col sm:flex-row gap-3 justify-center\"\u001b[39m\n              \u001b[36m>\u001b[39m\n                \u001b[36m<label\u001b[39m\n                  \u001b[33mclass\u001b[39m=\u001b[32m\"inline-flex items-center justify-center gap-2 whitespace-nowrap rounded-md text-sm font-medium transition-all disabled:pointer-events-none disabled:opacity-50 [&_svg]:pointer-events-none [&_svg:not([class*='size-'])]:size-4 shrink-0 [&_svg]:shrink-0 outline-none focus-visible:border-ring focus-visible:ring-ring/50 focus-visible:ring-[3px] aria-invalid:ring-destructive/20 dark:aria-invalid:ring-destructive/40 aria-invalid:border-destructive bg-primary text-primary-foreground hover:bg-primary/90 h-9 px-4 py-2 has-[>svg]:px-3 cursor-pointer\"\u001b[39m\n                  \u001b[33mdata-slot\u001b[39m=\u001b[32m\"button\"\u001b[39m\n                \u001b[36m>\u001b[39m\n                  \u001b[36m<svg\u001b[39m\n                    \u001b[33mclass\u001b[39m=\u001b[32m\"lucide lucide-upload w-4 h-4 mr-2\"\u001b[39m\n                    \u001b[33mfill\u001b[39m=\u001b[32m\"none\"\u001b[39m\n                    \u001b[33mheight\u001b[39m=\u001b[32m\"24\"\u001b[39m\n                    \u001b[33mstroke\u001b[39m=\u001b[32m\"currentColor\"\u001b[39m\n                    \u001b[33mstroke-linecap\u001b[39m=\u001b[32m\"round\"\u001b[39m\n                    \u001b[33mstroke-linejoin\u001b[39m=\u001b[32m\"round\"\u001b[39m\n                    \u001b[33mstroke-width\u001b[39m=\u001b[32m\"2\"\u001b[39m\n                    \u001b[33mviewBox\u001b[39m=\u001b[32m\"0 0 24 24\"\u001b[39m\n                    \u001b[33mwidth\u001b[39m=\u001b[32m\"24\"\u001b[39m\n                    \u001b[33mxmlns\u001b[39m=\u001b[32m\"http://www.w3.org/2000/svg\"\u001b[39m\n                  \u001b[36m>\u001b[39m\n                    \u001b[36m<path\u001b[39m\n                      \u001b[33md\u001b[39m=\u001b[32m\"M21 15v4a2 2 0 0 1-2 2H5a2 2 0 0 1-2-2v-4\"\u001b[39m\n                    \u001b[36m/>\u001b[39m\n                    \u001b[36m<polyline\u001b[39m\n                      \u001b[33mpoints\u001b[39m=\u001b[32m\"17 8 12 3 7 8\"\u001b[39m\n                    \u001b[36m/>\u001b[39m\n                    \u001b[36m<line\u001b[39m\n                      \u001b[33mx1\u001b[39m=\u001b[32m\"12\"\u001b[39m\n                      \u001b[33mx2\u001b[39m=\u001b[32m\"12\"\u001b[39m\n                      \u001b[33my1\u001b[39m=\u001b[32m\"3\"\u001b[39m\n                      \u001b[33my2\u001b[39m=\u001b[32m\"15\"\u001b[39m\n                    \u001b[36m/>\u001b[39m\n                  \u001b[36m</svg>\u001b[39m\n                  \u001b[0mSeleccionar Archivo\u001b[0m\n                  \u001b[36m<input\u001b[39m\n                    \u001b[33maccept\u001b[39m=\u001b[32m\"image/*\"\u001b[39m\n                    \u001b[33mclass\u001b[39m=\u001b[32m\"hidden\"\u001b[39m\n                    \u001b[33mtype\u001b[39m=\u001b[32m\"file\"\u001b[39m\n                  \u001b[36m/>\u001b[39m\n                \u001b[36m</label>\u001b[39m\n                \u001b[36m<label\u001b[39m\n                  \u001b[33mclass\u001b[39m=\u001b[32m\"inline-flex items-center justify-center gap-2 whitespace-nowrap rounded-md text-sm font-medium transition-all disabled:pointer-events-none disabled:opacity-50 [&_svg]:pointer-events-none [&_svg:not([class*='size-'])]:size-4 shrink-0 [&_svg]:shrink-0 outline-none focus-visible:border-ring focus-visible:ring-ring/50 focus-visible:ring-[3px] aria-invalid:ring-destructive/20 dark:aria-invalid:ring-destructive/40 aria-invalid:border-destructive border bg-background shadow-xs hover:bg-accent hover:text-accent-foreground dark:bg-input/30 dark:border-input dark:hover:bg-input/50 h-9 px-4 py-2 has-[>svg]:px-3 cursor-pointer\"\u001b[39m\n                  \u001b[33mdata-slot\u001b[39m=\u001b[32m\"button\"\u001b[39m\n                \u001b[36m>\u001b[39m\n                  \u001b[36m<svg\u001b[39m\n                    \u001b[33mclass\u001b[39m=\u001b[32m\"lucide lucide-camera w-4 h-4 mr-2\"\u001b[39m\n                    \u001b[33mfill\u001b[39m=\u001b[32m\"none\"\u001b[39m\n                    \u001b[33mheight\u001b[39m=\u001b[32m\"24\"\u001b[39m\n                    \u001b[33mstroke\u001b[39m=\u001b[32m\"currentColor\"\u001b[39m\n                    \u001b[33mstroke-linecap\u001b[39m=\u001b[32m\"round\"\u001b[39m\n                    \u001b[33mstroke-linejoin\u001b[39m=\u001b[32m\"round\"\u001b[39m\n                    \u001b[33mstroke-width\u001b[39m=\u001b[32m\"2\"\u001b[39m\n                    \u001b[33mviewBox\u001b[39m=\u001b[32m\"0 0 24 24\"\u001b[39m\n                    \u001b[33mwidth\u001b[39m=\u001b[32m\"24\"\u001b[39m\n                    \u001b[33mxmlns\u001b[39m=\u001b[32m\"http://www.w3.org/2000/svg\"\u001b[39m\n                  \u001b[36m>\u001b[39m\n                    \u001b[36m<path\u001b[39m\n                      \u001b[33md\u001b[39m=\u001b[32m\"M14.5 4h-5L7 7H4a2 2 0 0 0-2 2v9a2 2 0 0 0 2 2h16a2 2 0 0 0 2-2V9a2 2 0 0 0-2-2h-3l-2.5-3z\"\u001b[39m\n                    \u001b[36m/>\u001b[39m\n                    \u001b[36m<circle\u001b[39m\n                      \u001b[33mcx\u001b[39m=\u001b[32m\"12\"\u001b[39m\n                      \u001b[33mcy\u001b[39m=\u001b[32m\"13\"\u001b[39m\n                      \u001b[33mr\u001b[39m=\u001b[32m\"3\"\u001b[39m\n                    \u001b[36m/>\u001b[39m\n                  \u001b[36m</svg>\u001b[39m\n                  \u001b[0mTomar Foto\u001b[0m\n                  \u001b[36m<input\u001b[39m\n                    \u001b[33maccept\u001b[39m=\u001b[32m\"image/*\"\u001b[39m\n                    \u001b[33mcapture\u001b[39m=\u001b[32m\"environment\"\u001b[39m\n                    \u001b[33mclass\u001b[39m=\u001b[32m\"hidden\"\u001b[39m\n                    \u001b[33mtype\u001b[39m=\u001b[32m\"file\"\u001b[39m\n                  \u001b[36m/>\u001b[39m\n                \u001b[36m</label>\u001b[39m\n              \u001b[36m</div>\u001b[39m\n            \u001b[36m</div>\u001b[39m\n          \u001b[36m</div>\u001b[39m\n          \u001b[36m<div\u001b[39m\n            \u001b[33mclass\u001b[39m=\u001b[32m\"bg-muted/50 rounded-lg p-4 space-y-2\"\u001b[39m\n          \u001b[36m>\u001b[39m\n            \u001b[36m<h4\u001b[39m\n              \u001b[33mclass\u001b[39m=\u001b[32m\"font-semibold text-sm\"\u001b[39m\n            \u001b[36m>\u001b[39m\n              \u001b[0m💡 Tips para mejores resultados:\u001b[0m\n            \u001b[36m</h4>\u001b[39m\n            \u001b[36m<ul\u001b[39m\n              \u001b[33mclass\u001b[39m=\u001b[32m\"space-y-1 text-sm text-muted-foreground\"\u001b[39m\n            \u001b[36m>\u001b[39m\n              \u001b[36m<li\u001b[39m\n                \u001b[33mclass\u001b[39m=\u001b[32m\"flex gap-2\"\u001b[39m\n              \u001b[36m>\u001b[39m\n                \u001b[36m<span\u001b[39m\n                  \u001b[33mclass\u001b[39m=\u001b[32m\"text-primary\"\u001b[39m\n                \u001b[36m>\u001b[39m\n                  \u001b[0m•\u001b[0m\n                \u001b[36m</span>\u001b[39m\n                \u001b[36m<span>\u001b[39m\n                  \u001b[0mToma fotos con buena iluminación natural\u001b[0m\n                \u001b[36m</span>\u001b[39m\n              \u001b[36m</li>\u001b[39m\n              \u001b[36m<li\u001b[39m\n                \u001b[33mclass\u001b[39m=\u001b[32m\"flex gap-2\"\u001b[39m\n              \u001b[36m>\u001b[39m\n                \u001b[36m<span\u001b[39m\n                  \u001b[33mclass\u001b[39m=\u001b[32m\"text-primary\"\u001b[39m\n                \u001b[36m>\u001b[39m\n                  \u001b[0m•\u001b[0m\n                \u001b[36m</span>\u001b[39m\n                \u001b[36m<span>\u001b[39m\n                  \u001b[0mCaptura la planta completa o características distintivas\u001b[0m\n                \u001b[36m</span>\u001b[39m\n              \u001b[36m</li>\u001b[39m\n              \u001b[36m<li\u001b[39m\n                \u001b[33mclass\u001b[39m=\u001b[32m\"flex gap-2\"\u001b[39m\n              \u001b[36m>\u001b[39m\n                \u001b[36m<span\u001b[39m\n                  \u001b[33mclass\u001b[39m=\u001b[32m\"text-primary\"\u001b[39m\n                \u001b[36m>\u001b[39m\n                  \u001b[0m•\u001b[0m\n                \u001b[36m</span>\u001b[39m\n                \u001b[36m<span>\u001b[39m\n                  \u001b[0mEvita imágenes borrosas o muy oscuras\u001b[0m\n                \u001b[36m</span>\u001b[39m\n              \u001b[36m</li>\u001b[39m\n              \u001b[36m<li\u001b[39m\n                \u001b[33mclass\u001b[39m=\u001b[32m\"flex gap-2\"\u001b[39m\n              \u001b[36m>\u001b[39m\n                \u001b[36m<span\u001b[39m\n                  \u001b[33mclass\u001b[39m=\u001b[32m\"text-primary\"\u001b[39m\n                \u001b[36m>\u001b[39m\n                  \u001b[0m•\u001b[0m\n                \u001b[36m</span>\u001b[39m\n                \u001b[36m<span>\u001b[39m\n                  \u001b[0mIncluye detalles como hojas, flores o frutos\u001b[0m\n                \u001b[36m</span>\u001b[39m\n              \u001b[36m</li>\u001b[39m\n            \u001b[36m</ul>\u001b[39m\n          \u001b[36m</div>\u001b[39m\n        \u001b[36m</div>\u001b[39m\n      \u001b[36m</div>\u001b[39m\n    \u001b[36m</body>\u001b[39m\n\n    \u001b[0m \u001b[90m 170 |\u001b[39m\n     \u001b[90m 171 |\u001b[39m     \u001b[90m// Esperar a que se procese el archivo\u001b[39m\n    \u001b[31m\u001b[1m>\u001b[22m\u001b[39m\u001b[90m 172 |\u001b[39m     \u001b[36mawait\u001b[39m waitFor(() \u001b[33m=>\u001b[39m {\n     \u001b[90m     |\u001b[39m                  \u001b[31m\u001b[1m^\u001b[22m\u001b[39m\n     \u001b[90m 173 |\u001b[39m       expect(screen\u001b[33m.\u001b[39mgetByText(\u001b[32m'test.png'\u001b[39m))\u001b[33m.\u001b[39mtoBeInTheDocument()\n     \u001b[90m 174 |\u001b[39m     }\u001b[33m,\u001b[39m { timeout\u001b[33m:\u001b[39m \u001b[35m3000\u001b[39m })\n     \u001b[90m 175 |\u001b[39m   })\u001b[0m\n\n      at waitForWrapper (node_modules/@testing-library/react/node_modules/@testing-library/dom/dist/wait-for.js:163:27)\n      at Object.<anonymous> (__tests__/image-upload.test.tsx:172:18)\n\n  ● useImageUpload Hook › debe seleccionar archivo correctamente\n\n    thrown: \"Exceeded timeout of 15000 ms for a test.\n    Add a timeout value to this test to increase the timeout, if this is a long-running test. See https://jestjs.io/docs/api#testname-fn-timeout.\"\n\n    \u001b[0m \u001b[90m 200 |\u001b[39m   })\n     \u001b[90m 201 |\u001b[39m\n    \u001b[31m\u001b[1m>\u001b[22m\u001b[39m\u001b[90m 202 |\u001b[39m   it(\u001b[32m'debe seleccionar archivo correctamente'\u001b[39m\u001b[33m,\u001b[39m \u001b[36masync\u001b[39m () \u001b[33m=>\u001b[39m {\n     \u001b[90m     |\u001b[39m   \u001b[31m\u001b[1m^\u001b[22m\u001b[39m\n     \u001b[90m 203 |\u001b[39m     \u001b[36mconst\u001b[39m { result } \u001b[33m=\u001b[39m renderHook(() \u001b[33m=>\u001b[39m useImageUpload())\n     \u001b[90m 204 |\u001b[39m     \n     \u001b[90m 205 |\u001b[39m     expect(result\u001b[33m.\u001b[39mcurrent\u001b[33m.\u001b[39mpreview)\u001b[33m.\u001b[39mtoBeNull()\u001b[0m\n\n      at it (__tests__/image-upload.test.tsx:202:3)\n      at Object.describe (__tests__/image-upload.test.tsx:178:1)\n\n  ● useImageUpload Hook › debe validar tamaño de archivo correctamente\n\n    TypeError: Cannot read properties of null (reading 'seleccionarArchivo')\n\n    \u001b[0m \u001b[90m 235 |\u001b[39m\n     \u001b[90m 236 |\u001b[39m     \u001b[36mawait\u001b[39m act(\u001b[36masync\u001b[39m () \u001b[33m=>\u001b[39m {\n    \u001b[31m\u001b[1m>\u001b[22m\u001b[39m\u001b[90m 237 |\u001b[39m       \u001b[36mawait\u001b[39m result\u001b[33m.\u001b[39mcurrent\u001b[33m.\u001b[39mseleccionarArchivo(largeFile)\n     \u001b[90m     |\u001b[39m                            \u001b[31m\u001b[1m^\u001b[22m\u001b[39m\n     \u001b[90m 238 |\u001b[39m     })\n     \u001b[90m 239 |\u001b[39m\n     \u001b[90m 240 |\u001b[39m     \u001b[36mawait\u001b[39m waitFor(() \u001b[33m=>\u001b[39m {\u001b[0m\n\n      at seleccionarArchivo (__tests__/image-upload.test.tsx:237:28)\n      at node_modules/@testing-library/react/dist/act-compat.js:48:24\n      at act (node_modules/react/cjs/react.development.js:2512:16)\n      at node_modules/@testing-library/react/dist/act-compat.js:47:25\n      at Object.<anonymous> (__tests__/image-upload.test.tsx:236:14)\n\n  ● useImageUpload Hook › debe validar tipo de archivo correctamente\n\n    TypeError: Cannot read properties of null (reading 'seleccionarArchivo')\n\n    \u001b[0m \u001b[90m 251 |\u001b[39m\n     \u001b[90m 252 |\u001b[39m     \u001b[36mawait\u001b[39m act(\u001b[36masync\u001b[39m () \u001b[33m=>\u001b[39m {\n    \u001b[31m\u001b[1m>\u001b[22m\u001b[39m\u001b[90m 253 |\u001b[39m       \u001b[36mawait\u001b[39m result\u001b[33m.\u001b[39mcurrent\u001b[33m.\u001b[39mseleccionarArchivo(invalidFile)\n     \u001b[90m     |\u001b[39m                            \u001b[31m\u001b[1m^\u001b[22m\u001b[39m\n     \u001b[90m 254 |\u001b[39m     })\n     \u001b[90m 255 |\u001b[39m\n     \u001b[90m 256 |\u001b[39m     \u001b[36mawait\u001b[39m waitFor(() \u001b[33m=>\u001b[39m {\u001b[0m\n\n      at seleccionarArchivo (__tests__/image-upload.test.tsx:253:28)\n      at node_modules/@testing-library/react/dist/act-compat.js:48:24\n      at act (node_modules/react/cjs/react.development.js:2512:16)\n      at node_modules/@testing-library/react/dist/act-compat.js:47:25\n      at Object.<anonymous> (__tests__/image-upload.test.tsx:252:14)\n\n  ● useImageUpload Hook › debe subir imagen exitosamente\n\n    TypeError: Cannot read properties of null (reading 'seleccionarArchivo')\n\n    \u001b[0m \u001b[90m 286 |\u001b[39m     \u001b[90m// Seleccionar archivo\u001b[39m\n     \u001b[90m 287 |\u001b[39m     \u001b[36mawait\u001b[39m act(\u001b[36masync\u001b[39m () \u001b[33m=>\u001b[39m {\n    \u001b[31m\u001b[1m>\u001b[22m\u001b[39m\u001b[90m 288 |\u001b[39m       \u001b[36mawait\u001b[39m result\u001b[33m.\u001b[39mcurrent\u001b[33m.\u001b[39mseleccionarArchivo(file)\n     \u001b[90m     |\u001b[39m                            \u001b[31m\u001b[1m^\u001b[22m\u001b[39m\n     \u001b[90m 289 |\u001b[39m     })\n     \u001b[90m 290 |\u001b[39m\n     \u001b[90m 291 |\u001b[39m     \u001b[90m// Subir imagen\u001b[39m\u001b[0m\n\n      at seleccionarArchivo (__tests__/image-upload.test.tsx:288:28)\n      at node_modules/@testing-library/react/dist/act-compat.js:48:24\n      at act (node_modules/react/cjs/react.development.js:2512:16)\n      at node_modules/@testing-library/react/dist/act-compat.js:47:25\n      at Object.<anonymous> (__tests__/image-upload.test.tsx:287:14)\n\n  ● useImageUpload Hook › debe manejar error en upload\n\n    TypeError: Cannot read properties of null (reading 'seleccionarArchivo')\n\n    \u001b[0m \u001b[90m 317 |\u001b[39m     \u001b[90m// Seleccionar archivo\u001b[39m\n     \u001b[90m 318 |\u001b[39m     \u001b[36mawait\u001b[39m act(\u001b[36masync\u001b[39m () \u001b[33m=>\u001b[39m {\n    \u001b[31m\u001b[1m>\u001b[22m\u001b[39m\u001b[90m 319 |\u001b[39m       \u001b[36mawait\u001b[39m result\u001b[33m.\u001b[39mcurrent\u001b[33m.\u001b[39mseleccionarArchivo(file)\n     \u001b[90m     |\u001b[39m                            \u001b[31m\u001b[1m^\u001b[22m\u001b[39m\n     \u001b[90m 320 |\u001b[39m     })\n     \u001b[90m 321 |\u001b[39m\n     \u001b[90m 322 |\u001b[39m     \u001b[90m// Subir imagen\u001b[39m\u001b[0m\n\n      at seleccionarArchivo (__tests__/image-upload.test.tsx:319:28)\n      at node_modules/@testing-library/react/dist/act-compat.js:48:24\n      at act (node_modules/react/cjs/react.development.js:2512:16)\n      at node_modules/@testing-library/react/dist/act-compat.js:47:25\n      at Object.<anonymous> (__tests__/image-upload.test.tsx:318:14)\n\n  ● useImageUpload Hook › debe limpiar estado correctamente\n\n    TypeError: Cannot read properties of null (reading 'seleccionarArchivo')\n\n    \u001b[0m \u001b[90m 339 |\u001b[39m     \u001b[90m// Seleccionar archivo\u001b[39m\n     \u001b[90m 340 |\u001b[39m     \u001b[36mawait\u001b[39m act(\u001b[36masync\u001b[39m () \u001b[33m=>\u001b[39m {\n    \u001b[31m\u001b[1m>\u001b[22m\u001b[39m\u001b[90m 341 |\u001b[39m       \u001b[36mawait\u001b[39m result\u001b[33m.\u001b[39mcurrent\u001b[33m.\u001b[39mseleccionarArchivo(file)\n     \u001b[90m     |\u001b[39m                            \u001b[31m\u001b[1m^\u001b[22m\u001b[39m\n     \u001b[90m 342 |\u001b[39m     })\n     \u001b[90m 343 |\u001b[39m\n     \u001b[90m 344 |\u001b[39m     \u001b[90m// Limpiar\u001b[39m\u001b[0m\n\n      at seleccionarArchivo (__tests__/image-upload.test.tsx:341:28)\n      at node_modules/@testing-library/react/dist/act-compat.js:48:24\n      at act (node_modules/react/cjs/react.development.js:2512:16)\n      at node_modules/@testing-library/react/dist/act-compat.js:47:25\n      at Object.<anonymous> (__tests__/image-upload.test.tsx:340:14)\n\n  ● useImageUpload Hook › debe hacer auto-upload cuando está habilitado\n\n    TypeError: Cannot read properties of null (reading 'seleccionarArchivo')\n\n    \u001b[0m \u001b[90m 375 |\u001b[39m     \u001b[90m// Seleccionar archivo (debería subir automáticamente)\u001b[39m\n     \u001b[90m 376 |\u001b[39m     \u001b[36mawait\u001b[39m act(\u001b[36masync\u001b[39m () \u001b[33m=>\u001b[39m {\n    \u001b[31m\u001b[1m>\u001b[22m\u001b[39m\u001b[90m 377 |\u001b[39m       \u001b[36mawait\u001b[39m result\u001b[33m.\u001b[39mcurrent\u001b[33m.\u001b[39mseleccionarArchivo(file)\n     \u001b[90m     |\u001b[39m                            \u001b[31m\u001b[1m^\u001b[22m\u001b[39m\n     \u001b[90m 378 |\u001b[39m     })\n     \u001b[90m 379 |\u001b[39m\n     \u001b[90m 380 |\u001b[39m     \u001b[36mawait\u001b[39m waitFor(() \u001b[33m=>\u001b[39m {\u001b[0m\n\n      at seleccionarArchivo (__tests__/image-upload.test.tsx:377:28)\n      at node_modules/@testing-library/react/dist/act-compat.js:48:24\n      at act (node_modules/react/cjs/react.development.js:2512:16)\n      at node_modules/@testing-library/react/dist/act-compat.js:47:25\n      at Object.<anonymous> (__tests__/image-upload.test.tsx:376:14)\n","name":"C:\\Users\\franq\\Downloads\\asdf\\azure\\project\\projecto-ia-aplicada\\frontend\\__tests__\\image-upload.test.tsx","startTime":1760308415956,"status":"failed","summary":""}],"wasInterrupted":false}
